INFO:root:Pipeline started.
ERROR:root:Pipeline failed: insert or update on table "visitor_interactions" violates foreign key constraint "visitor_interactions_site_fkey"
DETAIL:  Key (site)=(3) is not present in table "exhibition".

INFO:root:Pipeline started.
ERROR:root:Pipeline failed: insert or update on table "visitor_interactions" violates foreign key constraint "visitor_interactions_site_fkey"
DETAIL:  Key (site)=(3) is not present in table "exhibition".

INFO:root:Pipeline started.
ERROR:root:Pipeline failed: insert or update on table "visitor_interactions" violates foreign key constraint "visitor_interactions_site_fkey"
DETAIL:  Key (site)=(3) is not present in table "exhibition".

INFO:root:Pipeline started.
ERROR:root:Pipeline failed: [Errno 2] No such file or directory: './files/museum_lmnh_hist_data_*.csv'
INFO:root:Pipeline started.
INFO:root:Pipeline completed successfully.
INFO:root:Pipeline Ended.
INFO:root:
 ==== date: 2026-02-19 13:40:11.872857 ===
INFO:root:Pipeline started.
INFO:root:Pipeline completed successfully.
INFO:root:Pipeline Ended.
INFO:root:
 ==== date: 2026-02-19 13:40:29.410064 ===
INFO:root:Pipeline started.
INFO:root:Pipeline completed successfully.
INFO:root:Pipeline Ended.
INFO:root:
 ==== date: 2026-02-19 19:47:12.141258 ===
INFO:root:Pipeline started.
INFO:root:Pipeline completed successfully.
INFO:root:Pipeline Ended.
